1 Italian
2 English
3 French
4 French
5 English
6 French
7 French
8 French
9 English
10 English
11 Italian
12 English
13 English
14 French
15 French
16 Italian
17 French
18 English
19 Italian
20 Italian
21 English
22 English
23 English
24 English
25 English
26 French
27 French
28 English
29 English
30 French
31 Italian
32 French
33 Italian
34 English
35 English
36 Italian
37 English
38 English
39 English
40 French
41 English
42 French
43 French
44 French
45 English
46 English
47 French
48 Italian
49 English
50 English
51 English
52 English
53 English
54 Italian
55 French
56 English
57 English
58 Italian
59 English
60 English
61 Italian
62 English
63 English
64 Italian
65 French
66 English
67 Italian
68 English
69 English
70 English
71 French
72 Italian
73 Italian
74 French
75 Italian
76 Italian
77 Italian
78 English
79 Italian
80 English
81 Italian
82 English
83 English
84 French
85 English
86 French
87 French
88 French
89 Italian
90 French
91 Italian
92 Italian
93 English
94 English
95 English
96 English
97 English
98 Italian
99 French
100 Italian
101 French
102 Italian
103 English
104 French
105 English
106 English
107 French
108 French
109 French
110 French
111 English
112 French
113 English
114 French
115 English
116 Italian
117 Italian
118 English
119 French
120 English
121 Italian
122 English
123 Italian
124 French
125 Italian
126 French
127 English
128 Italian
129 French
130 Italian
131 French
132 French
133 English
134 French
135 English
136 French
137 Italian
138 English
139 English
140 English
141 English
142 Italian
143 Italian
144 English
145 English
146 English
147 French
148 English
149 French
150 English
151 French
152 English
153 French
154 French
155 English
156 French
157 French
158 French
159 English
160 English
161 Italian
162 Italian
163 English
164 English
165 Italian
166 French
167 English
168 English
169 English
170 Italian
171 Italian
172 English
173 English
174 French
175 French
176 English
177 English
178 Italian
179 English
180 French
181 Italian
182 French
183 English
184 Italian
185 English
186 English
187 English
188 English
189 English
190 English
191 French
192 English
193 French
194 French
195 English
196 Italian
197 French
198 English
199 English
200 Italian
201 English
202 English
203 Italian
204 French
205 English
206 English
207 Italian
208 English
209 French
210 English
211 English
212 French
213 French
214 English
215 Italian
216 French
217 French
218 French
219 French
220 French
221 English
222 French
223 English
224 French
225 English
226 English
227 English
228 English
229 English
230 French
231 French
232 English
233 Italian
234 English
235 English
236 Italian
237 English
238 English
239 English
240 English
241 French
242 English
243 French
244 French
245 English
246 English
247 English
248 French
249 English
250 Italian
251 English
252 English
253 Italian
254 English
255 Italian
256 Italian
257 French
258 English
259 English
260 French
261 Italian
262 French
263 Italian
264 French
265 English
266 French
267 French
268 Italian
269 French
270 English
271 French
272 English
273 French
274 English
275 French
276 English
277 English
278 English
279 English
280 French
281 English
282 Italian
283 English
284 English
285 French
286 French
287 French
288 English
289 English
290 English
291 French
292 English
293 English
294 Italian
295 English
296 English
297 English
298 English
299 French
300 Italian
